[2026-04-07 20:52:14,245] INFO - rag-medical-chatbot - Making the vectorstore....
[2026-04-07 20:52:14,246] INFO - rag-medical-chatbot - Loading PDF files from: data/
[2026-04-07 20:52:22,162] INFO - rag-medical-chatbot - Loaded 759 pages from PDF files
[2026-04-07 20:52:22,163] INFO - rag-medical-chatbot - Splitting documents (chunk_size=500, overlap=50)
[2026-04-07 20:52:22,251] INFO - rag-medical-chatbot - Created 7080 chunks
[2026-04-07 20:52:22,251] INFO - rag-medical-chatbot - Generating your new vectorstore
[2026-04-07 20:52:22,251] INFO - rag-medical-chatbot - Loading HuggingFace embedding model
[2026-04-07 20:52:22,253] INFO - sentence_transformers.SentenceTransformer - Use pytorch device_name: cpu
[2026-04-07 20:52:22,253] INFO - sentence_transformers.SentenceTransformer - Load pretrained SentenceTransformer: sentence-transformers/all-MiniLM-L6-v2
[2026-04-07 20:52:22,648] INFO - httpx - HTTP Request: HEAD https://huggingface.co/sentence-transformers/all-MiniLM-L6-v2/resolve/main/modules.json "HTTP/1.1 307 Temporary Redirect"
[2026-04-07 20:52:22,648] WARNING - huggingface_hub.utils._http - Warning: You are sending unauthenticated requests to the HF Hub. Please set a HF_TOKEN to enable higher rate limits and faster downloads.
[2026-04-07 20:52:22,661] INFO - httpx - HTTP Request: HEAD https://huggingface.co/api/resolve-cache/models/sentence-transformers/all-MiniLM-L6-v2/c9745ed1d9f207416be6d2e6f8de32d1f16199bf/modules.json "HTTP/1.1 200 OK"
[2026-04-07 20:52:22,814] INFO - httpx - HTTP Request: HEAD https://huggingface.co/sentence-transformers/all-MiniLM-L6-v2/resolve/main/config_sentence_transformers.json "HTTP/1.1 307 Temporary Redirect"
[2026-04-07 20:52:22,828] INFO - httpx - HTTP Request: HEAD https://huggingface.co/api/resolve-cache/models/sentence-transformers/all-MiniLM-L6-v2/c9745ed1d9f207416be6d2e6f8de32d1f16199bf/config_sentence_transformers.json "HTTP/1.1 200 OK"
[2026-04-07 20:52:22,935] INFO - httpx - HTTP Request: HEAD https://huggingface.co/sentence-transformers/all-MiniLM-L6-v2/resolve/main/config_sentence_transformers.json "HTTP/1.1 307 Temporary Redirect"
[2026-04-07 20:52:22,950] INFO - httpx - HTTP Request: HEAD https://huggingface.co/api/resolve-cache/models/sentence-transformers/all-MiniLM-L6-v2/c9745ed1d9f207416be6d2e6f8de32d1f16199bf/config_sentence_transformers.json "HTTP/1.1 200 OK"
[2026-04-07 20:52:23,059] INFO - httpx - HTTP Request: HEAD https://huggingface.co/sentence-transformers/all-MiniLM-L6-v2/resolve/main/README.md "HTTP/1.1 307 Temporary Redirect"
[2026-04-07 20:52:23,070] INFO - httpx - HTTP Request: HEAD https://huggingface.co/api/resolve-cache/models/sentence-transformers/all-MiniLM-L6-v2/c9745ed1d9f207416be6d2e6f8de32d1f16199bf/README.md "HTTP/1.1 200 OK"
[2026-04-07 20:52:23,176] INFO - httpx - HTTP Request: HEAD https://huggingface.co/sentence-transformers/all-MiniLM-L6-v2/resolve/main/modules.json "HTTP/1.1 307 Temporary Redirect"
[2026-04-07 20:52:23,188] INFO - httpx - HTTP Request: HEAD https://huggingface.co/api/resolve-cache/models/sentence-transformers/all-MiniLM-L6-v2/c9745ed1d9f207416be6d2e6f8de32d1f16199bf/modules.json "HTTP/1.1 200 OK"
[2026-04-07 20:52:23,297] INFO - httpx - HTTP Request: HEAD https://huggingface.co/sentence-transformers/all-MiniLM-L6-v2/resolve/main/sentence_bert_config.json "HTTP/1.1 307 Temporary Redirect"
[2026-04-07 20:52:23,311] INFO - httpx - HTTP Request: HEAD https://huggingface.co/api/resolve-cache/models/sentence-transformers/all-MiniLM-L6-v2/c9745ed1d9f207416be6d2e6f8de32d1f16199bf/sentence_bert_config.json "HTTP/1.1 200 OK"
[2026-04-07 20:52:23,422] INFO - httpx - HTTP Request: HEAD https://huggingface.co/sentence-transformers/all-MiniLM-L6-v2/resolve/main/adapter_config.json "HTTP/1.1 404 Not Found"
[2026-04-07 20:52:23,534] INFO - httpx - HTTP Request: HEAD https://huggingface.co/sentence-transformers/all-MiniLM-L6-v2/resolve/main/config.json "HTTP/1.1 307 Temporary Redirect"
[2026-04-07 20:52:23,545] INFO - httpx - HTTP Request: HEAD https://huggingface.co/api/resolve-cache/models/sentence-transformers/all-MiniLM-L6-v2/c9745ed1d9f207416be6d2e6f8de32d1f16199bf/config.json "HTTP/1.1 200 OK"
[2026-04-07 20:52:23,729] INFO - httpx - HTTP Request: HEAD https://huggingface.co/sentence-transformers/all-MiniLM-L6-v2/resolve/main/config.json "HTTP/1.1 307 Temporary Redirect"
[2026-04-07 20:52:23,741] INFO - httpx - HTTP Request: HEAD https://huggingface.co/api/resolve-cache/models/sentence-transformers/all-MiniLM-L6-v2/c9745ed1d9f207416be6d2e6f8de32d1f16199bf/config.json "HTTP/1.1 200 OK"
[2026-04-07 20:52:23,850] INFO - httpx - HTTP Request: HEAD https://huggingface.co/sentence-transformers/all-MiniLM-L6-v2/resolve/main/tokenizer_config.json "HTTP/1.1 307 Temporary Redirect"
[2026-04-07 20:52:23,861] INFO - httpx - HTTP Request: HEAD https://huggingface.co/api/resolve-cache/models/sentence-transformers/all-MiniLM-L6-v2/c9745ed1d9f207416be6d2e6f8de32d1f16199bf/tokenizer_config.json "HTTP/1.1 200 OK"
[2026-04-07 20:52:23,987] INFO - httpx - HTTP Request: GET https://huggingface.co/api/models/sentence-transformers/all-MiniLM-L6-v2/tree/main/additional_chat_templates?recursive=false&expand=false "HTTP/1.1 404 Not Found"
[2026-04-07 20:52:24,098] INFO - httpx - HTTP Request: GET https://huggingface.co/api/models/sentence-transformers/all-MiniLM-L6-v2/tree/main?recursive=true&expand=false "HTTP/1.1 200 OK"
[2026-04-07 20:52:24,229] INFO - httpx - HTTP Request: HEAD https://huggingface.co/sentence-transformers/all-MiniLM-L6-v2/resolve/main/1_Pooling/config.json "HTTP/1.1 307 Temporary Redirect"
[2026-04-07 20:52:24,241] INFO - httpx - HTTP Request: HEAD https://huggingface.co/api/resolve-cache/models/sentence-transformers/all-MiniLM-L6-v2/c9745ed1d9f207416be6d2e6f8de32d1f16199bf/1_Pooling%2Fconfig.json "HTTP/1.1 200 OK"
[2026-04-07 20:52:24,352] INFO - httpx - HTTP Request: GET https://huggingface.co/api/models/sentence-transformers/all-MiniLM-L6-v2 "HTTP/1.1 200 OK"
[2026-04-07 20:53:00,117] INFO - faiss.loader - Loading faiss with AVX2 support.
[2026-04-07 20:53:00,161] INFO - faiss.loader - Successfully loaded faiss with AVX2 support.
[2026-04-07 20:53:00,278] INFO - rag-medical-chatbot - Saving vectorstore...
[2026-04-07 20:53:00,295] INFO - rag-medical-chatbot - Vectorstore saved successfully.
[2026-04-07 20:53:00,298] INFO - rag-medical-chatbot - Vectorstore created succesfully....
